2024-10-24 21:26:18,375 - INFO - Modbus server is running...
2024-10-24 21:26:18,724 - DEBUG - getValues fc-[3] address-1000: count-1873
2024-10-24 21:26:18,725 - DEBUG - Data store values after population: [1, 85, 110, 105, 116, 32, 49, 0, 0, 0, 0, 71, 101, 110, 101, 114, 97, 116, 111, 114, 0, 66, 114, 117, 115, 104, 0, 0, 0, 0, 0, 2020, 2021, 16688, 0, 52, 48, 0, 0, 0, 0, 0, 0, 0, 0, 53, 48, 0, 0, 0, 0, 0, 0, 0, 0, 49, 53, 48, 48, 0, 0, 0, 0, 0, 0, 65, 105, 114, 0, 0, 0, 0, 0, 0, 0, 83, 121, 110, 99, 104, 114, 111, 110, 117, 111, 83, 97, 108, 105, 101, 110, 116, 32, 80, 111, 67, 108, 97, 115, 115, 32, 70, 0, 0, 0, 83, 105, 110, 103, 108, 101, 32, 116, 117, 114, 86, 97, 99, 117, 117, 109, 32, 105, 109, 112, 51, 56, 0, 0, 0, 0, 0, 0, 0, 0, 67, 108, 97, 115, 115, 32, 70, 0, 0, 0, 52, 0, 0, 0, 0, 0, 0, 0, 0, 0, 78, 65, 0, 0, 0, 0, 0, 0, 0, 0, 16764, 60580, 17097, 59488, 5, 50, 52, 45, 49, 48, 45, 50, 48, 50, 52, 5, 5, 74, 111, 105, 110, 116, 0, 0, 0, 0, 0, 16544, 0, 83, 101, 99, 116, 105, 111, 110, 0, 0, 0, 16544, 0, 84, 101, 114, 109, 105, 110, 97, 116, 105, 111, 16544, 0, 77, 97, 105, 110, 32, 106, 111, 105, 110, 116, 16544, 0, 79, 118, 101, 114, 115, 104, 101, 97, 116, 104, 16544, 0, 77, 97, 105, 110, 32, 73, 110, 115, 117, 108, 16544, 0, 77, 97, 105, 110, 32, 116, 101, 114, 109, 105, 16544, 0, 72, 86, 32, 67, 111, 110, 110, 101, 99, 116, 16544, 0, 77, 97, 105, 110, 32, 106, 111, 105, 110, 116, 16544, 0, 79, 118, 101, 114, 115, 104, 101, 97, 116, 104, 16544, 0, 77, 97, 105, 110, 32, 73, 110, 115, 117, 108, 16544, 0, 77, 97, 105, 110, 32, 116, 101, 114, 109, 105, 16544, 0, 72, 86, 32, 67, 111, 110, 110, 101, 99, 116, 16544, 0, 77, 97, 105, 110, 32, 106, 111, 105, 110, 116, 16544, 0, 79, 118, 101, 114, 115, 104, 101, 97, 116, 104, 16544, 0, 67, 104, 101, 109, 105, 99, 97, 108, 32, 100, 17096, 0, 77, 101, 99, 104, 97, 110, 105, 99, 97, 108, 0, 0, 77, 101, 99, 104, 97, 110, 105, 99, 97, 108, 0, 0, 68, 105, 101, 108, 101, 99, 116, 114, 105, 99, 17096, 0, 68, 105, 101, 108, 101, 99, 116, 114, 105, 99, 17096, 0, 68, 105, 101, 108, 101, 99, 116, 114, 105, 99, 17096, 0, 68, 105, 101, 108, 101, 99, 116, 114, 105, 99, 0, 0, 77, 111, 105, 115, 116, 117, 114, 101, 32, 105, 17096, 0, 67, 111, 110, 116, 97, 109, 105, 110, 97, 116, 17096, 0, 83, 112, 97, 114, 107, 105, 110, 103, 0, 0, 0, 0, 67, 104, 101, 109, 105, 99, 97, 108, 32, 100, 17096, 0, 67, 104, 101, 109, 105, 99, 97, 108, 32, 100, 17096, 0, 77, 101, 99, 104, 97, 110, 105, 99, 97, 108, 0, 0, 77, 101, 99, 104, 97, 110, 105, 99, 97, 108, 0, 0, 68, 105, 101, 108, 101, 99, 116, 114, 105, 99, 17096, 0, 68, 105, 101, 108, 101, 99, 116, 114, 105, 99, 17096, 0, 50, 48, 47, 49, 48, 47, 50, 48, 50, 52, 78, 47, 65, 0, 0, 0, 0, 0, 0, 0, 49, 50, 51, 0, 0, 0, 0, 0, 0, 0, 50, 52, 52, 0, 0, 0, 0, 0, 0, 0, 67, 108, 97, 115, 115, 105, 99, 0, 0, 0, 78, 47, 65, 0, 0, 0, 0, 0, 0, 0, 53, 54, 0, 0, 0, 0, 0, 0, 0, 0, 51, 50, 0, 0, 0, 0, 0, 0, 0, 0, 78, 47, 65, 0, 0, 0, 0, 0, 0, 0, 51, 56, 0, 0, 0, 0, 0, 0, 0, 0, 49, 0, 0, 0, 0, 0, 0, 0, 0, 0, 50, 48, 47, 49, 48, 47, 50, 48, 50, 52, 78, 47, 65, 0, 0, 0, 0, 0, 0, 0, 49, 50, 51, 0, 0, 0, 0, 0, 0, 0, 50, 51, 52, 0, 0, 0, 0, 0, 0, 0, 67, 108, 97, 115, 115, 105, 99, 0, 0, 0, 78, 47, 65, 0, 0, 0, 0, 0, 0, 0, 53, 54, 0, 0, 0, 0, 0, 0, 0, 0, 51, 50, 0, 0, 0, 0, 0, 0, 0, 0, 78, 47, 65, 0, 0, 0, 0, 0, 0, 0, 51, 56, 0, 0, 0, 0, 0, 0, 0, 0, 49, 0, 0, 0, 0, 0, 0, 0, 0, 0, 50, 48, 47, 49, 48, 47, 50, 48, 50, 52, 78, 47, 65, 0, 0, 0, 0, 0, 0, 0, 49, 50, 51, 0, 0, 0, 0, 0, 0, 0, 50, 51, 52, 0, 0, 0, 0, 0, 0, 0, 67, 108, 97, 115, 115, 105, 99, 0, 0, 0, 78, 47, 65, 0, 0, 0, 0, 0, 0, 0, 53, 54, 0, 0, 0, 0, 0, 0, 0, 0, 51, 50, 0, 0, 0, 0, 0, 0, 0, 0, 78, 47, 65, 0, 0, 0, 0, 0, 0, 0, 51, 56, 0, 0, 0, 0, 0, 0, 0, 0, 49, 0, 0, 0, 0, 0, 0, 0, 0, 0, 78, 47, 65, 0, 0, 0, 0, 0, 0, 0, 78, 47, 65, 0, 0, 0, 0, 0, 0, 0, 78, 47, 65, 0, 0, 0, 0, 0, 0, 0, 78, 47, 65, 0, 0, 0, 0, 0, 0, 0, 78, 47, 65, 0, 0, 0, 0, 0, 0, 0, 78, 47, 65, 0, 0, 0, 0, 0, 0, 0, 78, 47, 65, 0, 0, 0, 0, 0, 0, 0, 78, 47, 65, 0, 0, 0, 0, 0, 0, 0, 78, 47, 65, 0, 0, 0, 0, 0, 0, 0, 78, 47, 65, 0, 0, 0, 0, 0, 0, 0, 78, 47, 65, 0, 0, 0, 0, 0, 0, 0, 78, 47, 65, 0, 0, 0, 0, 0, 0, 0, 78, 47, 65, 0, 0, 0, 0, 0, 0, 0, 78, 47, 65, 0, 0, 0, 0, 0, 0, 0, 78, 47, 65, 0, 0, 0, 0, 0, 0, 0, 78, 47, 65, 0, 0, 0, 0, 0, 0, 0, 78, 47, 65, 0, 0, 0, 0, 0, 0, 0, 78, 47, 65, 0, 0, 0, 0, 0, 0, 0, 78, 47, 65, 0, 0, 0, 0, 0, 0, 0, 78, 47, 65, 0, 0, 0, 0, 0, 0, 0, 78, 47, 65, 0, 0, 0, 0, 0, 0, 0, 78, 47, 65, 0, 0, 0, 0, 0, 0, 0, 78, 47, 65, 0, 0, 0, 0, 0, 0, 0, 78, 47, 65, 0, 0, 0, 0, 0, 0, 0, 78, 47, 65, 0, 0, 0, 0, 0, 0, 0, 78, 47, 65, 0, 0, 0, 0, 0, 0, 0, 78, 47, 65, 0, 0, 0, 0, 0, 0, 0, 78, 47, 65, 0, 0, 0, 0, 0, 0, 0, 78, 47, 65, 0, 0, 0, 0, 0, 0, 0, 78, 47, 65, 0, 0, 0, 0, 0, 0, 0, 78, 47, 65, 0, 0, 0, 0, 0, 0, 0, 78, 47, 65, 0, 0, 0, 0, 0, 0, 0, 78, 47, 65, 0, 0, 0, 0, 0, 0, 0, 78, 47, 65, 0, 0, 0, 0, 0, 0, 0, 78, 47, 65, 0, 0, 0, 0, 0, 0, 0, 78, 47, 65, 0, 0, 0, 0, 0, 0, 0, 78, 47, 65, 0, 0, 0, 0, 0, 0, 0, 78, 47, 65, 0, 0, 0, 0, 0, 0, 0, 78, 47, 65, 0, 0, 0, 0, 0, 0, 0, 78, 47, 65, 0, 0, 0, 0, 0, 0, 0, 78, 47, 65, 0, 0, 0, 0, 0, 0, 0, 78, 47, 65, 0, 0, 0, 0, 0, 0, 0, 78, 47, 65, 0, 0, 0, 0, 0, 0, 0, 78, 47, 65, 0, 0, 0, 0, 0, 0, 0, 78, 47, 65, 0, 0, 0, 0, 0, 0, 0, 78, 47, 65, 0, 0, 0, 0, 0, 0, 0, 78, 47, 65, 0, 0, 0, 0, 0, 0, 0, 78, 47, 65, 0, 0, 0, 0, 0, 0, 0, 78, 47, 65, 0, 0, 0, 0, 0, 0, 0, 78, 47, 65, 0, 0, 0, 0, 0, 0, 0, 78, 47, 65, 0, 0, 0, 0, 0, 0, 0, 78, 47, 65, 0, 0, 0, 0, 0, 0, 0, 78, 47, 65, 0, 0, 0, 0, 0, 0, 0, 78, 47, 65, 0, 0, 0, 0, 0, 0, 0, 78, 47, 65, 0, 0, 0, 0, 0, 0, 0, 78, 47, 65, 0, 0, 0, 0, 0, 0, 0, 78, 47, 65, 0, 0, 0, 0, 0, 0, 0, 78, 47, 65, 0, 0, 0, 0, 0, 0, 0, 78, 47, 65, 0, 0, 0, 0, 0, 0, 0, 78, 47, 65, 0, 0, 0, 0, 0, 0, 0, 78, 47, 65, 0, 0, 0, 0, 0, 0, 0, 78, 47, 65, 0, 0, 0, 0, 0, 0, 0, 78, 47, 65, 0, 0, 0, 0, 0, 0, 0, 78, 47, 65, 0, 0, 0, 0, 0, 0, 0, 78, 47, 65, 0, 0, 0, 0, 0, 0, 0, 78, 47, 65, 0, 0, 0, 0, 0, 0, 0, 78, 47, 65, 0, 0, 0, 0, 0, 0, 0, 78, 47, 65, 0, 0, 0, 0, 0, 0, 0, 78, 47, 65, 0, 0, 0, 0, 0, 0, 0, 78, 47, 65, 0, 0, 0, 0, 0, 0, 0, 78, 47, 65, 0, 0, 0, 0, 0, 0, 0, 78, 47, 65, 0, 0, 0, 0, 0, 0, 0, 78, 47, 65, 0, 0, 0, 0, 0, 0, 0, 78, 47, 65, 0, 0, 0, 0, 0, 0, 0, 78, 47, 65, 0, 0, 0, 0, 0, 0, 0, 78, 47, 65, 0, 0, 0, 0, 0, 0, 0, 78, 47, 65, 0, 0, 0, 0, 0, 0, 0, 78, 47, 65, 0, 0, 0, 0, 0, 0, 0, 78, 47, 65, 0, 0, 0, 0, 0, 0, 0, 78, 47, 65, 0, 0, 0, 0, 0, 0, 0, 78, 47, 65, 0, 0, 0, 0, 0, 0, 0, 78, 47, 65, 0, 0, 0, 0, 0, 0, 0, 78, 47, 65, 0, 0, 0, 0, 0, 0, 0, 78, 47, 65, 0, 0, 0, 0, 0, 0, 0, 78, 47, 65, 0, 0, 0, 0, 0, 0, 0, 78, 47, 65, 0, 0, 0, 0, 0, 0, 0, 78, 47, 65, 0, 0, 0, 0, 0, 0, 0, 78, 47, 65, 0, 0, 0, 0, 0, 0, 0, 78, 47, 65, 0, 0, 0, 0, 0, 0, 0, 78, 47, 65, 0, 0, 0, 0, 0, 0, 0, 78, 47, 65, 0, 0, 0, 0, 0, 0, 0, 78, 47, 65, 0, 0, 0, 0, 0, 0, 0, 78, 47, 65, 0, 0, 0, 0, 0, 0, 0, 78, 47, 65, 0, 0, 0, 0, 0, 0, 0, 78, 47, 65, 0, 0, 0, 0, 0, 0, 0, 78, 47, 65, 0, 0, 0, 0, 0, 0, 0, 78, 47, 65, 0, 0, 0, 0, 0, 0, 0, 78, 47, 65, 0, 0, 0, 0, 0, 0, 0, 78, 47, 65, 0, 0, 0, 0, 0, 0]
2024-10-24 21:26:18,729 - INFO - Starting Modbus server...
2024-10-24 21:33:27,167 - DEBUG - Started thread to serve client at ('127.0.0.1', 58416)
2024-10-24 21:33:27,169 - DEBUG - Client Connected [127.0.0.1:58416]
2024-10-24 21:33:27,170 - DEBUG - Handling data: 0x0 0x1 0x0 0x0 0x0 0x6 0x1 0x3 0x3 0xe7 0x0 0x1
2024-10-24 21:33:27,170 - DEBUG - Processing: 0x0 0x1 0x0 0x0 0x0 0x6 0x1 0x3 0x3 0xe7 0x0 0x1
2024-10-24 21:33:27,170 - DEBUG - Factory Request[ReadHoldingRegistersRequest: 3]
2024-10-24 21:33:27,170 - DEBUG - validate: fc-[3] address-1000: count-1
2024-10-24 21:33:27,170 - DEBUG - getValues fc-[3] address-1000: count-1
2024-10-24 21:33:27,170 - DEBUG - send: [ReadHoldingRegistersResponse (1)]- b'0001000000050103020001'
2024-10-24 21:33:27,189 - DEBUG - Handling data: 
2024-10-24 21:33:27,189 - DEBUG - Processing: 
2024-10-24 21:33:27,189 - DEBUG - Client Disconnected [127.0.0.1:58416]
2024-10-24 21:34:24,087 - DEBUG - Started thread to serve client at ('127.0.0.1', 58418)
2024-10-24 21:34:24,089 - DEBUG - Client Connected [127.0.0.1:58418]
2024-10-24 21:34:24,089 - DEBUG - Handling data: 0x0 0x1 0x0 0x0 0x0 0x6 0x1 0x3 0x3 0xe7 0x0 0x1
2024-10-24 21:34:24,090 - DEBUG - Processing: 0x0 0x1 0x0 0x0 0x0 0x6 0x1 0x3 0x3 0xe7 0x0 0x1
2024-10-24 21:34:24,090 - DEBUG - Factory Request[ReadHoldingRegistersRequest: 3]
2024-10-24 21:34:24,090 - DEBUG - validate: fc-[3] address-1000: count-1
2024-10-24 21:34:24,091 - DEBUG - getValues fc-[3] address-1000: count-1
2024-10-24 21:34:24,091 - DEBUG - send: [ReadHoldingRegistersResponse (1)]- b'0001000000050103020001'
2024-10-24 21:34:24,119 - DEBUG - Handling data: 
2024-10-24 21:34:24,119 - DEBUG - Processing: 
2024-10-24 21:34:24,119 - DEBUG - Client Disconnected [127.0.0.1:58418]
2024-10-24 21:35:48,474 - DEBUG - Started thread to serve client at ('127.0.0.1', 58420)
2024-10-24 21:35:48,475 - DEBUG - Client Connected [127.0.0.1:58420]
2024-10-24 21:35:48,489 - DEBUG - Handling data: 0x0 0x1 0x0 0x0 0x0 0x6 0x1 0x3 0x3 0xe7 0x0 0x1
2024-10-24 21:35:48,490 - DEBUG - Processing: 0x0 0x1 0x0 0x0 0x0 0x6 0x1 0x3 0x3 0xe7 0x0 0x1
2024-10-24 21:35:48,490 - DEBUG - Factory Request[ReadHoldingRegistersRequest: 3]
2024-10-24 21:35:48,490 - DEBUG - validate: fc-[3] address-1000: count-1
2024-10-24 21:35:48,490 - DEBUG - getValues fc-[3] address-1000: count-1
2024-10-24 21:35:48,491 - DEBUG - send: [ReadHoldingRegistersResponse (1)]- b'0001000000050103020001'
2024-10-24 21:35:48,509 - DEBUG - Handling data: 
2024-10-24 21:35:48,509 - DEBUG - Processing: 
2024-10-24 21:35:48,510 - DEBUG - Client Disconnected [127.0.0.1:58420]
2024-10-24 21:36:48,588 - DEBUG - Started thread to serve client at ('127.0.0.1', 58422)
2024-10-24 21:36:48,590 - DEBUG - Client Connected [127.0.0.1:58422]
2024-10-24 21:36:48,592 - DEBUG - Handling data: 0x0 0x1 0x0 0x0 0x0 0x6 0x1 0x3 0x3 0xe7 0x0 0x1
2024-10-24 21:36:48,592 - DEBUG - Processing: 0x0 0x1 0x0 0x0 0x0 0x6 0x1 0x3 0x3 0xe7 0x0 0x1
2024-10-24 21:36:48,593 - DEBUG - Factory Request[ReadHoldingRegistersRequest: 3]
2024-10-24 21:36:48,594 - DEBUG - validate: fc-[3] address-1000: count-1
2024-10-24 21:36:48,596 - DEBUG - getValues fc-[3] address-1000: count-1
2024-10-24 21:36:48,597 - DEBUG - send: [ReadHoldingRegistersResponse (1)]- b'0001000000050103020001'
2024-10-24 21:36:48,620 - DEBUG - Handling data: 
2024-10-24 21:36:48,620 - DEBUG - Processing: 
2024-10-24 21:36:48,620 - DEBUG - Client Disconnected [127.0.0.1:58422]
2024-10-24 21:43:42,575 - DEBUG - Started thread to serve client at ('127.0.0.1', 58426)
2024-10-24 21:43:42,576 - DEBUG - Client Connected [127.0.0.1:58426]
2024-10-24 21:43:42,577 - DEBUG - Handling data: 0x0 0x1 0x0 0x0 0x0 0x6 0x1 0x3 0x3 0xe7 0x0 0x1
2024-10-24 21:43:42,578 - DEBUG - Processing: 0x0 0x1 0x0 0x0 0x0 0x6 0x1 0x3 0x3 0xe7 0x0 0x1
2024-10-24 21:43:42,578 - DEBUG - Factory Request[ReadHoldingRegistersRequest: 3]
2024-10-24 21:43:42,578 - DEBUG - validate: fc-[3] address-1000: count-1
2024-10-24 21:43:42,579 - DEBUG - getValues fc-[3] address-1000: count-1
2024-10-24 21:43:42,579 - DEBUG - send: [ReadHoldingRegistersResponse (1)]- b'0001000000050103020001'
2024-10-24 21:43:42,582 - DEBUG - Handling data: 
2024-10-24 21:43:42,582 - DEBUG - Processing: 
2024-10-24 21:43:42,582 - DEBUG - Client Disconnected [127.0.0.1:58426]
2024-10-24 21:45:08,655 - INFO - Modbus server is running...
2024-10-24 21:45:08,803 - DEBUG - getValues fc-[3] address-1000: count-1873
2024-10-24 21:45:08,803 - DEBUG - Data store values after population: [1, 85, 110, 105, 116, 32, 49, 0, 0, 0, 0, 71, 101, 110, 101, 114, 97, 116, 111, 114, 0, 66, 114, 117, 115, 104, 0, 0, 0, 0, 0, 2020, 2021, 16688, 0, 52, 48, 0, 0, 0, 0, 0, 0, 0, 0, 53, 48, 0, 0, 0, 0, 0, 0, 0, 0, 49, 53, 48, 48, 0, 0, 0, 0, 0, 0, 65, 105, 114, 0, 0, 0, 0, 0, 0, 0, 83, 121, 110, 99, 104, 114, 111, 110, 117, 111, 83, 97, 108, 105, 101, 110, 116, 32, 80, 111, 67, 108, 97, 115, 115, 32, 70, 0, 0, 0, 83, 105, 110, 103, 108, 101, 32, 116, 117, 114, 86, 97, 99, 117, 117, 109, 32, 105, 109, 112, 51, 56, 0, 0, 0, 0, 0, 0, 0, 0, 67, 108, 97, 115, 115, 32, 70, 0, 0, 0, 52, 0, 0, 0, 0, 0, 0, 0, 0, 0, 78, 65, 0, 0, 0, 0, 0, 0, 0, 0, 16764, 60580, 17097, 59488, 5, 50, 52, 45, 49, 48, 45, 50, 48, 50, 52, 5, 5, 74, 111, 105, 110, 116, 0, 0, 0, 0, 0, 16544, 0, 83, 101, 99, 116, 105, 111, 110, 0, 0, 0, 16544, 0, 84, 101, 114, 109, 105, 110, 97, 116, 105, 111, 16544, 0, 77, 97, 105, 110, 32, 106, 111, 105, 110, 116, 16544, 0, 79, 118, 101, 114, 115, 104, 101, 97, 116, 104, 16544, 0, 77, 97, 105, 110, 32, 73, 110, 115, 117, 108, 16544, 0, 77, 97, 105, 110, 32, 116, 101, 114, 109, 105, 16544, 0, 72, 86, 32, 67, 111, 110, 110, 101, 99, 116, 16544, 0, 77, 97, 105, 110, 32, 106, 111, 105, 110, 116, 16544, 0, 79, 118, 101, 114, 115, 104, 101, 97, 116, 104, 16544, 0, 77, 97, 105, 110, 32, 73, 110, 115, 117, 108, 16544, 0, 77, 97, 105, 110, 32, 116, 101, 114, 109, 105, 16544, 0, 72, 86, 32, 67, 111, 110, 110, 101, 99, 116, 16544, 0, 77, 97, 105, 110, 32, 106, 111, 105, 110, 116, 16544, 0, 79, 118, 101, 114, 115, 104, 101, 97, 116, 104, 16544, 0, 67, 104, 101, 109, 105, 99, 97, 108, 32, 100, 17096, 0, 77, 101, 99, 104, 97, 110, 105, 99, 97, 108, 0, 0, 77, 101, 99, 104, 97, 110, 105, 99, 97, 108, 0, 0, 68, 105, 101, 108, 101, 99, 116, 114, 105, 99, 17096, 0, 68, 105, 101, 108, 101, 99, 116, 114, 105, 99, 17096, 0, 68, 105, 101, 108, 101, 99, 116, 114, 105, 99, 17096, 0, 68, 105, 101, 108, 101, 99, 116, 114, 105, 99, 0, 0, 77, 111, 105, 115, 116, 117, 114, 101, 32, 105, 17096, 0, 67, 111, 110, 116, 97, 109, 105, 110, 97, 116, 17096, 0, 83, 112, 97, 114, 107, 105, 110, 103, 0, 0, 0, 0, 67, 104, 101, 109, 105, 99, 97, 108, 32, 100, 17096, 0, 67, 104, 101, 109, 105, 99, 97, 108, 32, 100, 17096, 0, 77, 101, 99, 104, 97, 110, 105, 99, 97, 108, 0, 0, 77, 101, 99, 104, 97, 110, 105, 99, 97, 108, 0, 0, 68, 105, 101, 108, 101, 99, 116, 114, 105, 99, 17096, 0, 68, 105, 101, 108, 101, 99, 116, 114, 105, 99, 17096, 0, 50, 48, 47, 49, 48, 47, 50, 48, 50, 52, 78, 47, 65, 0, 0, 0, 0, 0, 0, 0, 49, 50, 51, 0, 0, 0, 0, 0, 0, 0, 50, 52, 52, 0, 0, 0, 0, 0, 0, 0, 67, 108, 97, 115, 115, 105, 99, 0, 0, 0, 78, 47, 65, 0, 0, 0, 0, 0, 0, 0, 53, 54, 0, 0, 0, 0, 0, 0, 0, 0, 51, 50, 0, 0, 0, 0, 0, 0, 0, 0, 78, 47, 65, 0, 0, 0, 0, 0, 0, 0, 51, 56, 0, 0, 0, 0, 0, 0, 0, 0, 49, 0, 0, 0, 0, 0, 0, 0, 0, 0, 50, 48, 47, 49, 48, 47, 50, 48, 50, 52, 78, 47, 65, 0, 0, 0, 0, 0, 0, 0, 49, 50, 51, 0, 0, 0, 0, 0, 0, 0, 50, 51, 52, 0, 0, 0, 0, 0, 0, 0, 67, 108, 97, 115, 115, 105, 99, 0, 0, 0, 78, 47, 65, 0, 0, 0, 0, 0, 0, 0, 53, 54, 0, 0, 0, 0, 0, 0, 0, 0, 51, 50, 0, 0, 0, 0, 0, 0, 0, 0, 78, 47, 65, 0, 0, 0, 0, 0, 0, 0, 51, 56, 0, 0, 0, 0, 0, 0, 0, 0, 49, 0, 0, 0, 0, 0, 0, 0, 0, 0, 50, 48, 47, 49, 48, 47, 50, 48, 50, 52, 78, 47, 65, 0, 0, 0, 0, 0, 0, 0, 49, 50, 51, 0, 0, 0, 0, 0, 0, 0, 50, 51, 52, 0, 0, 0, 0, 0, 0, 0, 67, 108, 97, 115, 115, 105, 99, 0, 0, 0, 78, 47, 65, 0, 0, 0, 0, 0, 0, 0, 53, 54, 0, 0, 0, 0, 0, 0, 0, 0, 51, 50, 0, 0, 0, 0, 0, 0, 0, 0, 78, 47, 65, 0, 0, 0, 0, 0, 0, 0, 51, 56, 0, 0, 0, 0, 0, 0, 0, 0, 49, 0, 0, 0, 0, 0, 0, 0, 0, 0, 78, 47, 65, 0, 0, 0, 0, 0, 0, 0, 78, 47, 65, 0, 0, 0, 0, 0, 0, 0, 78, 47, 65, 0, 0, 0, 0, 0, 0, 0, 78, 47, 65, 0, 0, 0, 0, 0, 0, 0, 78, 47, 65, 0, 0, 0, 0, 0, 0, 0, 78, 47, 65, 0, 0, 0, 0, 0, 0, 0, 78, 47, 65, 0, 0, 0, 0, 0, 0, 0, 78, 47, 65, 0, 0, 0, 0, 0, 0, 0, 78, 47, 65, 0, 0, 0, 0, 0, 0, 0, 78, 47, 65, 0, 0, 0, 0, 0, 0, 0, 78, 47, 65, 0, 0, 0, 0, 0, 0, 0, 78, 47, 65, 0, 0, 0, 0, 0, 0, 0, 78, 47, 65, 0, 0, 0, 0, 0, 0, 0, 78, 47, 65, 0, 0, 0, 0, 0, 0, 0, 78, 47, 65, 0, 0, 0, 0, 0, 0, 0, 78, 47, 65, 0, 0, 0, 0, 0, 0, 0, 78, 47, 65, 0, 0, 0, 0, 0, 0, 0, 78, 47, 65, 0, 0, 0, 0, 0, 0, 0, 78, 47, 65, 0, 0, 0, 0, 0, 0, 0, 78, 47, 65, 0, 0, 0, 0, 0, 0, 0, 78, 47, 65, 0, 0, 0, 0, 0, 0, 0, 78, 47, 65, 0, 0, 0, 0, 0, 0, 0, 78, 47, 65, 0, 0, 0, 0, 0, 0, 0, 78, 47, 65, 0, 0, 0, 0, 0, 0, 0, 78, 47, 65, 0, 0, 0, 0, 0, 0, 0, 78, 47, 65, 0, 0, 0, 0, 0, 0, 0, 78, 47, 65, 0, 0, 0, 0, 0, 0, 0, 78, 47, 65, 0, 0, 0, 0, 0, 0, 0, 78, 47, 65, 0, 0, 0, 0, 0, 0, 0, 78, 47, 65, 0, 0, 0, 0, 0, 0, 0, 78, 47, 65, 0, 0, 0, 0, 0, 0, 0, 78, 47, 65, 0, 0, 0, 0, 0, 0, 0, 78, 47, 65, 0, 0, 0, 0, 0, 0, 0, 78, 47, 65, 0, 0, 0, 0, 0, 0, 0, 78, 47, 65, 0, 0, 0, 0, 0, 0, 0, 78, 47, 65, 0, 0, 0, 0, 0, 0, 0, 78, 47, 65, 0, 0, 0, 0, 0, 0, 0, 78, 47, 65, 0, 0, 0, 0, 0, 0, 0, 78, 47, 65, 0, 0, 0, 0, 0, 0, 0, 78, 47, 65, 0, 0, 0, 0, 0, 0, 0, 78, 47, 65, 0, 0, 0, 0, 0, 0, 0, 78, 47, 65, 0, 0, 0, 0, 0, 0, 0, 78, 47, 65, 0, 0, 0, 0, 0, 0, 0, 78, 47, 65, 0, 0, 0, 0, 0, 0, 0, 78, 47, 65, 0, 0, 0, 0, 0, 0, 0, 78, 47, 65, 0, 0, 0, 0, 0, 0, 0, 78, 47, 65, 0, 0, 0, 0, 0, 0, 0, 78, 47, 65, 0, 0, 0, 0, 0, 0, 0, 78, 47, 65, 0, 0, 0, 0, 0, 0, 0, 78, 47, 65, 0, 0, 0, 0, 0, 0, 0, 78, 47, 65, 0, 0, 0, 0, 0, 0, 0, 78, 47, 65, 0, 0, 0, 0, 0, 0, 0, 78, 47, 65, 0, 0, 0, 0, 0, 0, 0, 78, 47, 65, 0, 0, 0, 0, 0, 0, 0, 78, 47, 65, 0, 0, 0, 0, 0, 0, 0, 78, 47, 65, 0, 0, 0, 0, 0, 0, 0, 78, 47, 65, 0, 0, 0, 0, 0, 0, 0, 78, 47, 65, 0, 0, 0, 0, 0, 0, 0, 78, 47, 65, 0, 0, 0, 0, 0, 0, 0, 78, 47, 65, 0, 0, 0, 0, 0, 0, 0, 78, 47, 65, 0, 0, 0, 0, 0, 0, 0, 78, 47, 65, 0, 0, 0, 0, 0, 0, 0, 78, 47, 65, 0, 0, 0, 0, 0, 0, 0, 78, 47, 65, 0, 0, 0, 0, 0, 0, 0, 78, 47, 65, 0, 0, 0, 0, 0, 0, 0, 78, 47, 65, 0, 0, 0, 0, 0, 0, 0, 78, 47, 65, 0, 0, 0, 0, 0, 0, 0, 78, 47, 65, 0, 0, 0, 0, 0, 0, 0, 78, 47, 65, 0, 0, 0, 0, 0, 0, 0, 78, 47, 65, 0, 0, 0, 0, 0, 0, 0, 78, 47, 65, 0, 0, 0, 0, 0, 0, 0, 78, 47, 65, 0, 0, 0, 0, 0, 0, 0, 78, 47, 65, 0, 0, 0, 0, 0, 0, 0, 78, 47, 65, 0, 0, 0, 0, 0, 0, 0, 78, 47, 65, 0, 0, 0, 0, 0, 0, 0, 78, 47, 65, 0, 0, 0, 0, 0, 0, 0, 78, 47, 65, 0, 0, 0, 0, 0, 0, 0, 78, 47, 65, 0, 0, 0, 0, 0, 0, 0, 78, 47, 65, 0, 0, 0, 0, 0, 0, 0, 78, 47, 65, 0, 0, 0, 0, 0, 0, 0, 78, 47, 65, 0, 0, 0, 0, 0, 0, 0, 78, 47, 65, 0, 0, 0, 0, 0, 0, 0, 78, 47, 65, 0, 0, 0, 0, 0, 0, 0, 78, 47, 65, 0, 0, 0, 0, 0, 0, 0, 78, 47, 65, 0, 0, 0, 0, 0, 0, 0, 78, 47, 65, 0, 0, 0, 0, 0, 0, 0, 78, 47, 65, 0, 0, 0, 0, 0, 0, 0, 78, 47, 65, 0, 0, 0, 0, 0, 0, 0, 78, 47, 65, 0, 0, 0, 0, 0, 0, 0, 78, 47, 65, 0, 0, 0, 0, 0, 0, 0, 78, 47, 65, 0, 0, 0, 0, 0, 0, 0, 78, 47, 65, 0, 0, 0, 0, 0, 0, 0, 78, 47, 65, 0, 0, 0, 0, 0, 0, 0, 78, 47, 65, 0, 0, 0, 0, 0, 0, 0, 78, 47, 65, 0, 0, 0, 0, 0, 0, 0, 78, 47, 65, 0, 0, 0, 0, 0, 0, 0, 78, 47, 65, 0, 0, 0, 0, 0, 0, 0, 78, 47, 65, 0, 0, 0, 0, 0, 0, 0, 78, 47, 65, 0, 0, 0, 0, 0, 0]
2024-10-24 21:45:08,805 - INFO - Starting Modbus server...
2024-10-24 21:47:44,716 - DEBUG - Started thread to serve client at ('127.0.0.1', 58445)
2024-10-24 21:47:44,719 - DEBUG - Client Connected [127.0.0.1:58445]
2024-10-24 21:47:44,719 - DEBUG - Handling data: 0x0 0x1 0x0 0x0 0x0 0x6 0x1 0x3 0x3 0xe7 0x0 0x1
2024-10-24 21:47:44,719 - DEBUG - Processing: 0x0 0x1 0x0 0x0 0x0 0x6 0x1 0x3 0x3 0xe7 0x0 0x1
2024-10-24 21:47:44,719 - DEBUG - Factory Request[ReadHoldingRegistersRequest: 3]
2024-10-24 21:47:44,719 - DEBUG - validate: fc-[3] address-1000: count-1
2024-10-24 21:47:44,720 - DEBUG - getValues fc-[3] address-1000: count-1
2024-10-24 21:47:44,720 - DEBUG - send: [ReadHoldingRegistersResponse (1)]- b'0001000000050103020001'
2024-10-24 21:47:44,726 - DEBUG - Handling data: 
2024-10-24 21:47:44,727 - DEBUG - Processing: 
2024-10-24 21:47:44,727 - DEBUG - Client Disconnected [127.0.0.1:58445]
2024-10-24 21:49:54,647 - DEBUG - Started thread to serve client at ('127.0.0.1', 58453)
2024-10-24 21:49:54,649 - DEBUG - Client Connected [127.0.0.1:58453]
2024-10-24 21:49:54,649 - DEBUG - Handling data: 0x0 0x1 0x0 0x0 0x0 0x6 0x1 0x3 0x3 0xe7 0x0 0x1
2024-10-24 21:49:54,649 - DEBUG - Processing: 0x0 0x1 0x0 0x0 0x0 0x6 0x1 0x3 0x3 0xe7 0x0 0x1
2024-10-24 21:49:54,650 - DEBUG - Factory Request[ReadHoldingRegistersRequest: 3]
2024-10-24 21:49:54,650 - DEBUG - validate: fc-[3] address-1000: count-1
2024-10-24 21:49:54,650 - DEBUG - getValues fc-[3] address-1000: count-1
2024-10-24 21:49:54,651 - DEBUG - send: [ReadHoldingRegistersResponse (1)]- b'0001000000050103020001'
2024-10-24 21:49:54,655 - DEBUG - Handling data: 0x0 0x2 0x0 0x0 0x0 0x6 0x1 0x3 0x4 0x6 0x0 0x1
2024-10-24 21:49:54,656 - DEBUG - Processing: 0x0 0x2 0x0 0x0 0x0 0x6 0x1 0x3 0x4 0x6 0x0 0x1
2024-10-24 21:49:54,656 - DEBUG - Factory Request[ReadHoldingRegistersRequest: 3]
2024-10-24 21:49:54,657 - DEBUG - validate: fc-[3] address-1031: count-1
2024-10-24 21:49:54,657 - DEBUG - getValues fc-[3] address-1031: count-1
2024-10-24 21:49:54,657 - DEBUG - send: [ReadHoldingRegistersResponse (1)]- b'00020000000501030207e4'
2024-10-24 21:49:54,659 - DEBUG - Handling data: 0x0 0x3 0x0 0x0 0x0 0x6 0x1 0x3 0x4 0x7 0x0 0x1
2024-10-24 21:49:54,659 - DEBUG - Processing: 0x0 0x3 0x0 0x0 0x0 0x6 0x1 0x3 0x4 0x7 0x0 0x1
2024-10-24 21:49:54,659 - DEBUG - Factory Request[ReadHoldingRegistersRequest: 3]
2024-10-24 21:49:54,659 - DEBUG - validate: fc-[3] address-1032: count-1
2024-10-24 21:49:54,660 - DEBUG - getValues fc-[3] address-1032: count-1
2024-10-24 21:49:54,660 - DEBUG - send: [ReadHoldingRegistersResponse (1)]- b'00030000000501030207e5'
2024-10-24 21:49:54,666 - DEBUG - Handling data: 0x0 0x4 0x0 0x0 0x0 0x6 0x1 0x3 0x3 0xe8 0x0 0xa
2024-10-24 21:49:54,667 - DEBUG - Processing: 0x0 0x4 0x0 0x0 0x0 0x6 0x1 0x3 0x3 0xe8 0x0 0xa
2024-10-24 21:49:54,667 - DEBUG - Factory Request[ReadHoldingRegistersRequest: 3]
2024-10-24 21:49:54,667 - DEBUG - validate: fc-[3] address-1001: count-10
2024-10-24 21:49:54,667 - DEBUG - getValues fc-[3] address-1001: count-10
2024-10-24 21:49:54,667 - DEBUG - send: [ReadHoldingRegistersResponse (10)]- b'0004000000170103140055006e00690074002000310000000000000000'
2024-10-24 21:49:54,671 - DEBUG - Handling data: 0x0 0x5 0x0 0x0 0x0 0x6 0x1 0x3 0x3 0xf2 0x0 0xa
2024-10-24 21:49:54,671 - DEBUG - Processing: 0x0 0x5 0x0 0x0 0x0 0x6 0x1 0x3 0x3 0xf2 0x0 0xa
2024-10-24 21:49:54,672 - DEBUG - Factory Request[ReadHoldingRegistersRequest: 3]
2024-10-24 21:49:54,672 - DEBUG - validate: fc-[3] address-1011: count-10
2024-10-24 21:49:54,672 - DEBUG - getValues fc-[3] address-1011: count-10
2024-10-24 21:49:54,673 - DEBUG - send: [ReadHoldingRegistersResponse (10)]- b'00050000001701031400470065006e0065007200610074006f00720000'
2024-10-24 21:49:54,673 - DEBUG - Handling data: 0x0 0x6 0x0 0x0 0x0 0x6 0x1 0x3 0x3 0xfc 0x0 0xa
2024-10-24 21:49:54,673 - DEBUG - Processing: 0x0 0x6 0x0 0x0 0x0 0x6 0x1 0x3 0x3 0xfc 0x0 0xa
2024-10-24 21:49:54,674 - DEBUG - Factory Request[ReadHoldingRegistersRequest: 3]
2024-10-24 21:49:54,674 - DEBUG - validate: fc-[3] address-1021: count-10
2024-10-24 21:49:54,674 - DEBUG - getValues fc-[3] address-1021: count-10
2024-10-24 21:49:54,674 - DEBUG - send: [ReadHoldingRegistersResponse (10)]- b'0006000000170103140042007200750073006800000000000000000000'
2024-10-24 21:49:54,674 - DEBUG - Handling data: 0x0 0x7 0x0 0x0 0x0 0x6 0x1 0x3 0x4 0x8 0x0 0x2
2024-10-24 21:49:54,675 - DEBUG - Processing: 0x0 0x7 0x0 0x0 0x0 0x6 0x1 0x3 0x4 0x8 0x0 0x2
2024-10-24 21:49:54,675 - DEBUG - Factory Request[ReadHoldingRegistersRequest: 3]
2024-10-24 21:49:54,675 - DEBUG - validate: fc-[3] address-1033: count-2
2024-10-24 21:49:54,675 - DEBUG - getValues fc-[3] address-1033: count-2
2024-10-24 21:49:54,675 - DEBUG - send: [ReadHoldingRegistersResponse (2)]- b'00070000000701030441300000'
2024-10-24 21:49:54,676 - DEBUG - Handling data: 0x0 0x8 0x0 0x0 0x0 0x6 0x1 0x3 0x4 0xa 0x0 0xa
2024-10-24 21:49:54,676 - DEBUG - Processing: 0x0 0x8 0x0 0x0 0x0 0x6 0x1 0x3 0x4 0xa 0x0 0xa
2024-10-24 21:49:54,676 - DEBUG - Factory Request[ReadHoldingRegistersRequest: 3]
2024-10-24 21:49:54,677 - DEBUG - validate: fc-[3] address-1035: count-10
2024-10-24 21:49:54,677 - DEBUG - getValues fc-[3] address-1035: count-10
2024-10-24 21:49:54,677 - DEBUG - send: [ReadHoldingRegistersResponse (10)]- b'0008000000170103140034003000000000000000000000000000000000'
2024-10-24 21:49:54,678 - DEBUG - Handling data: 0x0 0x9 0x0 0x0 0x0 0x6 0x1 0x3 0x4 0x14 0x0 0xa
2024-10-24 21:49:54,678 - DEBUG - Processing: 0x0 0x9 0x0 0x0 0x0 0x6 0x1 0x3 0x4 0x14 0x0 0xa
2024-10-24 21:49:54,678 - DEBUG - Factory Request[ReadHoldingRegistersRequest: 3]
2024-10-24 21:49:54,678 - DEBUG - validate: fc-[3] address-1045: count-10
2024-10-24 21:49:54,678 - DEBUG - getValues fc-[3] address-1045: count-10
2024-10-24 21:49:54,679 - DEBUG - send: [ReadHoldingRegistersResponse (10)]- b'0009000000170103140035003000000000000000000000000000000000'
2024-10-24 21:49:54,679 - DEBUG - Handling data: 0x0 0xa 0x0 0x0 0x0 0x6 0x1 0x3 0x4 0x1e 0x0 0xa
2024-10-24 21:49:54,679 - DEBUG - Processing: 0x0 0xa 0x0 0x0 0x0 0x6 0x1 0x3 0x4 0x1e 0x0 0xa
2024-10-24 21:49:54,679 - DEBUG - Factory Request[ReadHoldingRegistersRequest: 3]
2024-10-24 21:49:54,679 - DEBUG - validate: fc-[3] address-1055: count-10
2024-10-24 21:49:54,679 - DEBUG - getValues fc-[3] address-1055: count-10
2024-10-24 21:49:54,680 - DEBUG - send: [ReadHoldingRegistersResponse (10)]- b'000a000000170103140031003500300030000000000000000000000000'
2024-10-24 21:49:54,680 - DEBUG - Handling data: 0x0 0xb 0x0 0x0 0x0 0x6 0x1 0x3 0x4 0x28 0x0 0xa
2024-10-24 21:49:54,680 - DEBUG - Processing: 0x0 0xb 0x0 0x0 0x0 0x6 0x1 0x3 0x4 0x28 0x0 0xa
2024-10-24 21:49:54,680 - DEBUG - Factory Request[ReadHoldingRegistersRequest: 3]
2024-10-24 21:49:54,680 - DEBUG - validate: fc-[3] address-1065: count-10
2024-10-24 21:49:54,680 - DEBUG - getValues fc-[3] address-1065: count-10
2024-10-24 21:49:54,681 - DEBUG - send: [ReadHoldingRegistersResponse (10)]- b'000b000000170103140041006900720000000000000000000000000000'
2024-10-24 21:49:54,681 - DEBUG - Handling data: 0x0 0xc 0x0 0x0 0x0 0x6 0x1 0x3 0x4 0x32 0x0 0xa
2024-10-24 21:49:54,681 - DEBUG - Processing: 0x0 0xc 0x0 0x0 0x0 0x6 0x1 0x3 0x4 0x32 0x0 0xa
2024-10-24 21:49:54,681 - DEBUG - Factory Request[ReadHoldingRegistersRequest: 3]
2024-10-24 21:49:54,681 - DEBUG - validate: fc-[3] address-1075: count-10
2024-10-24 21:49:54,681 - DEBUG - getValues fc-[3] address-1075: count-10
2024-10-24 21:49:54,681 - DEBUG - send: [ReadHoldingRegistersResponse (10)]- b'000c0000001701031400530079006e006300680072006f006e0075006f'
2024-10-24 21:49:54,682 - DEBUG - Handling data: 0x0 0xd 0x0 0x0 0x0 0x6 0x1 0x3 0x4 0x3c 0x0 0xa
2024-10-24 21:49:54,682 - DEBUG - Processing: 0x0 0xd 0x0 0x0 0x0 0x6 0x1 0x3 0x4 0x3c 0x0 0xa
2024-10-24 21:49:54,682 - DEBUG - Factory Request[ReadHoldingRegistersRequest: 3]
2024-10-24 21:49:54,682 - DEBUG - validate: fc-[3] address-1085: count-10
2024-10-24 21:49:54,682 - DEBUG - getValues fc-[3] address-1085: count-10
2024-10-24 21:49:54,683 - DEBUG - send: [ReadHoldingRegistersResponse (10)]- b'000d0000001701031400530061006c00690065006e007400200050006f'
2024-10-24 21:49:54,683 - DEBUG - Handling data: 0x0 0xe 0x0 0x0 0x0 0x6 0x1 0x3 0x4 0x46 0x0 0xa
2024-10-24 21:49:54,683 - DEBUG - Processing: 0x0 0xe 0x0 0x0 0x0 0x6 0x1 0x3 0x4 0x46 0x0 0xa
2024-10-24 21:49:54,683 - DEBUG - Factory Request[ReadHoldingRegistersRequest: 3]
2024-10-24 21:49:54,683 - DEBUG - validate: fc-[3] address-1095: count-10
2024-10-24 21:49:54,684 - DEBUG - getValues fc-[3] address-1095: count-10
2024-10-24 21:49:54,684 - DEBUG - send: [ReadHoldingRegistersResponse (10)]- b'000e000000170103140043006c00610073007300200046000000000000'
2024-10-24 21:49:54,685 - DEBUG - Handling data: 0x0 0xf 0x0 0x0 0x0 0x6 0x1 0x3 0x4 0x50 0x0 0xa
2024-10-24 21:49:54,685 - DEBUG - Processing: 0x0 0xf 0x0 0x0 0x0 0x6 0x1 0x3 0x4 0x50 0x0 0xa
2024-10-24 21:49:54,685 - DEBUG - Factory Request[ReadHoldingRegistersRequest: 3]
2024-10-24 21:49:54,685 - DEBUG - validate: fc-[3] address-1105: count-10
2024-10-24 21:49:54,685 - DEBUG - getValues fc-[3] address-1105: count-10
2024-10-24 21:49:54,685 - DEBUG - send: [ReadHoldingRegistersResponse (10)]- b'000f0000001701031400530069006e0067006c00650020007400750072'
2024-10-24 21:49:54,686 - DEBUG - Handling data: 0x0 0x10 0x0 0x0 0x0 0x6 0x1 0x3 0x4 0x5a 0x0 0xa
2024-10-24 21:49:54,686 - DEBUG - Processing: 0x0 0x10 0x0 0x0 0x0 0x6 0x1 0x3 0x4 0x5a 0x0 0xa
2024-10-24 21:49:54,686 - DEBUG - Factory Request[ReadHoldingRegistersRequest: 3]
2024-10-24 21:49:54,686 - DEBUG - validate: fc-[3] address-1115: count-10
2024-10-24 21:49:54,686 - DEBUG - getValues fc-[3] address-1115: count-10
2024-10-24 21:49:54,686 - DEBUG - send: [ReadHoldingRegistersResponse (10)]- b'00100000001701031400560061006300750075006d00200069006d0070'
2024-10-24 21:49:54,687 - DEBUG - Handling data: 0x0 0x11 0x0 0x0 0x0 0x6 0x1 0x3 0x4 0x64 0x0 0xa
2024-10-24 21:49:54,687 - DEBUG - Processing: 0x0 0x11 0x0 0x0 0x0 0x6 0x1 0x3 0x4 0x64 0x0 0xa
2024-10-24 21:49:54,687 - DEBUG - Factory Request[ReadHoldingRegistersRequest: 3]
2024-10-24 21:49:54,687 - DEBUG - validate: fc-[3] address-1125: count-10
2024-10-24 21:49:54,687 - DEBUG - getValues fc-[3] address-1125: count-10
2024-10-24 21:49:54,687 - DEBUG - send: [ReadHoldingRegistersResponse (10)]- b'0011000000170103140033003800000000000000000000000000000000'
2024-10-24 21:49:54,688 - DEBUG - Handling data: 0x0 0x12 0x0 0x0 0x0 0x6 0x1 0x3 0x4 0x6e 0x0 0xa
2024-10-24 21:49:54,688 - DEBUG - Processing: 0x0 0x12 0x0 0x0 0x0 0x6 0x1 0x3 0x4 0x6e 0x0 0xa
2024-10-24 21:49:54,688 - DEBUG - Factory Request[ReadHoldingRegistersRequest: 3]
2024-10-24 21:49:54,688 - DEBUG - validate: fc-[3] address-1135: count-10
2024-10-24 21:49:54,688 - DEBUG - getValues fc-[3] address-1135: count-10
2024-10-24 21:49:54,688 - DEBUG - send: [ReadHoldingRegistersResponse (10)]- b'0012000000170103140043006c00610073007300200046000000000000'
2024-10-24 21:49:54,689 - DEBUG - Handling data: 0x0 0x13 0x0 0x0 0x0 0x6 0x1 0x3 0x4 0x78 0x0 0xa
2024-10-24 21:49:54,689 - DEBUG - Processing: 0x0 0x13 0x0 0x0 0x0 0x6 0x1 0x3 0x4 0x78 0x0 0xa
2024-10-24 21:49:54,689 - DEBUG - Factory Request[ReadHoldingRegistersRequest: 3]
2024-10-24 21:49:54,689 - DEBUG - validate: fc-[3] address-1145: count-10
2024-10-24 21:49:54,689 - DEBUG - getValues fc-[3] address-1145: count-10
2024-10-24 21:49:54,689 - DEBUG - send: [ReadHoldingRegistersResponse (10)]- b'0013000000170103140034000000000000000000000000000000000000'
2024-10-24 21:49:54,690 - DEBUG - Handling data: 0x0 0x14 0x0 0x0 0x0 0x6 0x1 0x3 0x4 0x82 0x0 0xa
2024-10-24 21:49:54,690 - DEBUG - Processing: 0x0 0x14 0x0 0x0 0x0 0x6 0x1 0x3 0x4 0x82 0x0 0xa
2024-10-24 21:49:54,690 - DEBUG - Factory Request[ReadHoldingRegistersRequest: 3]
2024-10-24 21:49:54,690 - DEBUG - validate: fc-[3] address-1155: count-10
2024-10-24 21:49:54,690 - DEBUG - getValues fc-[3] address-1155: count-10
2024-10-24 21:49:54,690 - DEBUG - send: [ReadHoldingRegistersResponse (10)]- b'001400000017010314004e004100000000000000000000000000000000'
2024-10-24 21:49:54,691 - DEBUG - Handling data: 0x0 0x15 0x0 0x0 0x0 0x6 0x1 0x3 0x4 0x8c 0x0 0x2
2024-10-24 21:49:54,691 - DEBUG - Processing: 0x0 0x15 0x0 0x0 0x0 0x6 0x1 0x3 0x4 0x8c 0x0 0x2
2024-10-24 21:49:54,691 - DEBUG - Factory Request[ReadHoldingRegistersRequest: 3]
2024-10-24 21:49:54,691 - DEBUG - validate: fc-[3] address-1165: count-2
2024-10-24 21:49:54,691 - DEBUG - getValues fc-[3] address-1165: count-2
2024-10-24 21:49:54,691 - DEBUG - send: [ReadHoldingRegistersResponse (2)]- b'001500000007010304417ceca4'
2024-10-24 21:49:54,692 - DEBUG - Handling data: 0x0 0x16 0x0 0x0 0x0 0x6 0x1 0x3 0x4 0x8e 0x0 0x2
2024-10-24 21:49:54,692 - DEBUG - Processing: 0x0 0x16 0x0 0x0 0x0 0x6 0x1 0x3 0x4 0x8e 0x0 0x2
2024-10-24 21:49:54,693 - DEBUG - Factory Request[ReadHoldingRegistersRequest: 3]
2024-10-24 21:49:54,693 - DEBUG - validate: fc-[3] address-1167: count-2
2024-10-24 21:49:54,693 - DEBUG - getValues fc-[3] address-1167: count-2
2024-10-24 21:49:54,693 - DEBUG - send: [ReadHoldingRegistersResponse (2)]- b'00160000000701030442c9e860'
2024-10-24 21:49:54,703 - DEBUG - Handling data: 
2024-10-24 21:49:54,704 - DEBUG - Processing: 
2024-10-24 21:49:54,704 - DEBUG - Client Disconnected [127.0.0.1:58453]
